Arguments: 
  /home/colin/.nvm/versions/node/v16.0.0/bin/node /usr/share/yarn/bin/yarn.js add @material-ui/lab/Alert

PATH: 
  /home/colin/.local/bin:/home/colin/.nvm/versions/node/v16.0.0/bin:/usr/local/sbin:/usr/local/bin:/usr/sbin:/usr/bin:/sbin:/bin:/usr/games:/usr/local/games:/usr/lib/wsl/lib:/mnt/c/Program Files (x86)/VMware/VMware Player/bin/:/mnt/c/WINDOWS/system32:/mnt/c/WINDOWS:/mnt/c/WINDOWS/System32/Wbem:/mnt/c/WINDOWS/System32/WindowsPowerShell/v1.0/:/mnt/c/WINDOWS/System32/OpenSSH/:/mnt/c/Program Files/Microsoft VS Code/bin:/mnt/c/Program Files/PuTTY/:/mnt/c/Program Files/nodejs/:/mnt/c/Program Files/Git/cmd:/mnt/c/Users/Colin/AppData/Local/Programs/AdoptOpenJDK/jdk-11.0.8.10-hotspot/bin:/mnt/c/Users/Colin/AppData/Local/Microsoft/WindowsApps:/mnt/c/Users/Colin/AppData/Roaming/npm:/mnt/c/Users/Colin/AppData/Local/Programs/AdoptOpenJDK/jdk-11.0.8.10-hotspot/bin/java.exe:/mnt/c/Users/Colin/AppData/Local/Programs/AdoptOpenJDK/jdk-11.0.8.10-hotspot/bin/javac.exe:/snap/bin:/opt/gradle/gradle-5.4.1/bin

Yarn version: 
  1.22.5

Node version: 
  16.0.0

Platform: 
  linux x64

Trace: 
  Error: https://registry.yarnpkg.com/@material-ui%2flab/Alert: Request "https://registry.yarnpkg.com/@material-ui%2flab/Alert" returned a 405
      at Request.params.callback [as _callback] (/usr/share/yarn/lib/cli.js:66997:18)
      at Request.self.callback (/usr/share/yarn/lib/cli.js:140749:22)
      at Request.emit (node:events:365:28)
      at Request.<anonymous> (/usr/share/yarn/lib/cli.js:141721:10)
      at Request.emit (node:events:365:28)
      at IncomingMessage.<anonymous> (/usr/share/yarn/lib/cli.js:141643:12)
      at Object.onceWrapper (node:events:471:28)
      at IncomingMessage.emit (node:events:377:35)
      at endReadableNT (node:internal/streams/readable:1312:12)
      at processTicksAndRejections (node:internal/process/task_queues:83:21)

npm manifest: 
  {
    "dependencies": {
      "@material-ui/icons": "^4.11.2"
    }
  }

yarn manifest: 
  No manifest

Lockfile: 
  # THIS IS AN AUTOGENERATED FILE. DO NOT EDIT THIS FILE DIRECTLY.
  # yarn lockfile v1
  
  
  "@babel/runtime@^7.4.4":
    version "7.14.6"
    resolved "https://registry.yarnpkg.com/@babel/runtime/-/runtime-7.14.6.tgz#535203bc0892efc7dec60bdc27b2ecf6e409062d"
    integrity sha512-/PCB2uJ7oM44tz8YhC4Z/6PeOKXp4K588f+5M3clr1M4zbqztlo0XEfJ2LEzj/FgwfgGcIdl8n7YYjTCI0BYwg==
    dependencies:
      regenerator-runtime "^0.13.4"
  
  "@material-ui/icons@^4.11.2":
    version "4.11.2"
    resolved "https://registry.yarnpkg.com/@material-ui/icons/-/icons-4.11.2.tgz#b3a7353266519cd743b6461ae9fdfcb1b25eb4c5"
    integrity sha512-fQNsKX2TxBmqIGJCSi3tGTO/gZ+eJgWmMJkgDiOfyNaunNaxcklJQFaFogYcFl0qFuaEz1qaXYXboa/bUXVSOQ==
    dependencies:
      "@babel/runtime" "^7.4.4"
  
  regenerator-runtime@^0.13.4:
    version "0.13.7"
    resolved "https://registry.yarnpkg.com/regenerator-runtime/-/regenerator-runtime-0.13.7.tgz#cac2dacc8a1ea675feaabaeb8ae833898ae46f55"
    integrity sha512-a54FxoJDIr27pgf7IgeQGxmqUNYrcV338lf/6gH456HZ/PhX+5BcwHXG9ajESmwe6WRO0tAzRUrRmNONWgkrew==
